{"/home/tpmarc/Source/react-layered-composition/src/lib/components/Layer.tsx": {"path":"/home/tpmarc/Source/react-layered-composition/src/lib/components/Layer.tsx","statementMap":{"0":{"start":{"line":1,"column":0},"end":{"line":1,"column":40}},"1":{"start":{"line":4,"column":2},"end":{"line":4,"column":null}},"2":{"start":{"line":3,"column":0},"end":{"line":3,"column":16}}},"fnMap":{"0":{"name":"Layer","decl":{"start":{"line":3,"column":16},"end":{"line":3,"column":21}},"loc":{"start":{"line":3,"column":21},"end":{"line":5,"column":1}}}},"branchMap":{},"s":{"0":1,"1":1,"2":1},"f":{"0":1},"b":{}}
,"/home/tpmarc/Source/react-layered-composition/src/lib/components/LayerObject.tsx": {"path":"/home/tpmarc/Source/react-layered-composition/src/lib/components/LayerObject.tsx","statementMap":{"0":{"start":{"line":1,"column":0},"end":{"line":1,"column":39}},"1":{"start":{"line":2,"column":0},"end":{"line":2,"column":69}},"2":{"start":{"line":3,"column":0},"end":{"line":3,"column":66}},"3":{"start":{"line":5,"column":0},"end":{"line":5,"column":null}},"4":{"start":{"line":6,"column":2},"end":{"line":6,"column":null}},"5":{"start":{"line":7,"column":2},"end":{"line":7,"column":null}},"6":{"start":{"line":8,"column":2},"end":{"line":8,"column":null}},"7":{"start":{"line":9,"column":2},"end":{"line":9,"column":null}},"8":{"start":{"line":10,"column":2},"end":{"line":10,"column":null}},"9":{"start":{"line":11,"column":2},"end":{"line":11,"column":null}},"10":{"start":{"line":14,"column":13},"end":{"line":14,"column":null}},"11":{"start":{"line":28,"column":28},"end":{"line":29,"column":null}},"12":{"start":{"line":32,"column":21},"end":{"line":32,"column":50}},"13":{"start":{"line":33,"column":20},"end":{"line":33,"column":38}},"14":{"start":{"line":35,"column":2},"end":{"line":35,"column":null}},"15":{"start":{"line":27,"column":0},"end":{"line":27,"column":16}}},"fnMap":{"0":{"name":"(anonymous_6)","decl":{"start":{"line":5,"column":0},"end":{"line":5,"column":12}},"loc":{"start":{"line":5,"column":29},"end":{"line":12,"column":1}}},"1":{"name":"LayerObject","decl":{"start":{"line":27,"column":16},"end":{"line":27,"column":27}},"loc":{"start":{"line":27,"column":58},"end":{"line":36,"column":1}}}},"branchMap":{"0":{"loc":{"start":{"line":5,"column":12},"end":{"line":5,"column":29}},"type":"binary-expr","locations":[{"start":{"line":5,"column":12},"end":{"line":5,"column":29}},{"start":{"line":5,"column":12},"end":{"line":5,"column":null}}]}},"s":{"0":1,"1":1,"2":1,"3":1,"4":1,"5":1,"6":1,"7":1,"8":1,"9":1,"10":1,"11":1,"12":1,"13":1,"14":1,"15":1},"f":{"0":1,"1":1},"b":{"0":[1,1]}}
,"/home/tpmarc/Source/react-layered-composition/src/lib/hooks/useDimensions.ts": {"path":"/home/tpmarc/Source/react-layered-composition/src/lib/hooks/useDimensions.ts","statementMap":{"0":{"start":{"line":1,"column":0},"end":{"line":1,"column":32}},"1":{"start":{"line":2,"column":0},"end":{"line":2,"column":54}},"2":{"start":{"line":20,"column":26},"end":{"line":20,"column":55}},"3":{"start":{"line":22,"column":29},"end":{"line":22,"column":79}},"4":{"start":{"line":25,"column":4},"end":{"line":25,"column":null}},"5":{"start":{"line":29,"column":4},"end":{"line":29,"column":null}},"6":{"start":{"line":32,"column":31},"end":{"line":32,"column":77}},"7":{"start":{"line":35,"column":4},"end":{"line":35,"column":null}},"8":{"start":{"line":39,"column":4},"end":{"line":39,"column":null}},"9":{"start":{"line":42,"column":2},"end":{"line":51,"column":null}},"10":{"start":{"line":15,"column":0},"end":{"line":15,"column":16}}},"fnMap":{"0":{"name":"useDimensions","decl":{"start":{"line":15,"column":16},"end":{"line":15,"column":29}},"loc":{"start":{"line":18,"column":24},"end":{"line":52,"column":1}}},"1":{"name":"_getWidthRepresentation","decl":{"start":{"line":24,"column":11},"end":{"line":24,"column":34}},"loc":{"start":{"line":24,"column":34},"end":{"line":26,"column":3}}},"2":{"name":"setWidth","decl":{"start":{"line":28,"column":11},"end":{"line":28,"column":19}},"loc":{"start":{"line":28,"column":33},"end":{"line":30,"column":3}}},"3":{"name":"_getHeightRepresentation","decl":{"start":{"line":34,"column":11},"end":{"line":34,"column":35}},"loc":{"start":{"line":34,"column":35},"end":{"line":36,"column":3}}},"4":{"name":"setHeight","decl":{"start":{"line":38,"column":11},"end":{"line":38,"column":20}},"loc":{"start":{"line":38,"column":35},"end":{"line":40,"column":3}}}},"branchMap":{"0":{"loc":{"start":{"line":22,"column":46},"end":{"line":22,"column":73}},"type":"binary-expr","locations":[{"start":{"line":22,"column":46},"end":{"line":22,"column":73}},{"start":{"line":22,"column":77},"end":{"line":22,"column":78}}]}},"s":{"0":2,"1":2,"2":9,"3":9,"4":9,"5":2,"6":9,"7":9,"8":2,"9":9,"10":2},"f":{"0":9,"1":9,"2":2,"3":9,"4":2},"b":{"0":[9,5]}}
,"/home/tpmarc/Source/react-layered-composition/src/lib/hooks/usePositions.ts": {"path":"/home/tpmarc/Source/react-layered-composition/src/lib/hooks/usePositions.ts","statementMap":{"0":{"start":{"line":1,"column":0},"end":{"line":1,"column":32}},"1":{"start":{"line":19,"column":26},"end":{"line":19,"column":55}},"2":{"start":{"line":20,"column":20},"end":{"line":20,"column":51}},"3":{"start":{"line":21,"column":20},"end":{"line":21,"column":51}},"4":{"start":{"line":24,"column":4},"end":{"line":24,"column":null}},"5":{"start":{"line":28,"column":4},"end":{"line":28,"column":null}},"6":{"start":{"line":31,"column":2},"end":{"line":40,"column":null}},"7":{"start":{"line":14,"column":0},"end":{"line":14,"column":16}}},"fnMap":{"0":{"name":"usePositions","decl":{"start":{"line":14,"column":16},"end":{"line":14,"column":28}},"loc":{"start":{"line":17,"column":19},"end":{"line":41,"column":1}}},"1":{"name":"_getXRepresentation","decl":{"start":{"line":23,"column":11},"end":{"line":23,"column":30}},"loc":{"start":{"line":23,"column":30},"end":{"line":25,"column":3}}},"2":{"name":"_getYRepresentation","decl":{"start":{"line":27,"column":11},"end":{"line":27,"column":30}},"loc":{"start":{"line":27,"column":30},"end":{"line":29,"column":3}}}},"branchMap":{"0":{"loc":{"start":{"line":20,"column":37},"end":{"line":20,"column":45}},"type":"binary-expr","locations":[{"start":{"line":20,"column":37},"end":{"line":20,"column":45}},{"start":{"line":20,"column":49},"end":{"line":20,"column":50}}]},"1":{"loc":{"start":{"line":21,"column":37},"end":{"line":21,"column":45}},"type":"binary-expr","locations":[{"start":{"line":21,"column":37},"end":{"line":21,"column":45}},{"start":{"line":21,"column":49},"end":{"line":21,"column":50}}]}},"s":{"0":2,"1":7,"2":7,"3":7,"4":7,"5":7,"6":7,"7":2},"f":{"0":7,"1":7,"2":7},"b":{"0":[7,2],"1":[7,2]}}
,"/home/tpmarc/Source/react-layered-composition/src/lib/utils/positiveValue.ts": {"path":"/home/tpmarc/Source/react-layered-composition/src/lib/utils/positiveValue.ts","statementMap":{"0":{"start":{"line":2,"column":2},"end":{"line":4,"column":null}},"1":{"start":{"line":3,"column":4},"end":{"line":3,"column":null}},"2":{"start":{"line":6,"column":2},"end":{"line":6,"column":null}},"3":{"start":{"line":1,"column":0},"end":{"line":1,"column":16}}},"fnMap":{"0":{"name":"positiveValue","decl":{"start":{"line":1,"column":16},"end":{"line":1,"column":29}},"loc":{"start":{"line":1,"column":51},"end":{"line":7,"column":1}}}},"branchMap":{"0":{"loc":{"start":{"line":2,"column":2},"end":{"line":4,"column":null}},"type":"if","locations":[{"start":{"line":2,"column":2},"end":{"line":4,"column":null}},{"start":{"line":2,"column":2},"end":{"line":4,"column":null}}]},"1":{"loc":{"start":{"line":2,"column":6},"end":{"line":2,"column":20}},"type":"binary-expr","locations":[{"start":{"line":2,"column":6},"end":{"line":2,"column":20}},{"start":{"line":2,"column":24},"end":{"line":2,"column":43}}]}},"s":{"0":29,"1":10,"2":19,"3":3},"f":{"0":29},"b":{"0":[10,19],"1":[29,28]}}
}
