{"/home/tpmarc/Source/react-layered-composition/src/lib/hooks/useDimensions.ts": {"path":"/home/tpmarc/Source/react-layered-composition/src/lib/hooks/useDimensions.ts","statementMap":{"0":{"start":{"line":1,"column":0},"end":{"line":1,"column":32}},"1":{"start":{"line":8,"column":26},"end":{"line":8,"column":55}},"2":{"start":{"line":10,"column":29},"end":{"line":11,"column":null}},"3":{"start":{"line":15,"column":4},"end":{"line":15,"column":null}},"4":{"start":{"line":19,"column":4},"end":{"line":19,"column":null}},"5":{"start":{"line":22,"column":31},"end":{"line":23,"column":null}},"6":{"start":{"line":27,"column":4},"end":{"line":27,"column":null}},"7":{"start":{"line":31,"column":4},"end":{"line":31,"column":null}},"8":{"start":{"line":35,"column":4},"end":{"line":37,"column":null}},"9":{"start":{"line":36,"column":6},"end":{"line":36,"column":null}},"10":{"start":{"line":39,"column":4},"end":{"line":39,"column":null}},"11":{"start":{"line":42,"column":2},"end":{"line":51,"column":null}},"12":{"start":{"line":3,"column":0},"end":{"line":3,"column":16}}},"fnMap":{"0":{"name":"useDimensions","decl":{"start":{"line":3,"column":16},"end":{"line":3,"column":29}},"loc":{"start":{"line":6,"column":24},"end":{"line":52,"column":1}}},"1":{"name":"_getWidthRepresentation","decl":{"start":{"line":14,"column":11},"end":{"line":14,"column":34}},"loc":{"start":{"line":14,"column":34},"end":{"line":16,"column":3}}},"2":{"name":"setWidth","decl":{"start":{"line":18,"column":11},"end":{"line":18,"column":19}},"loc":{"start":{"line":18,"column":33},"end":{"line":20,"column":3}}},"3":{"name":"_getHeightRepresentation","decl":{"start":{"line":26,"column":11},"end":{"line":26,"column":35}},"loc":{"start":{"line":26,"column":35},"end":{"line":28,"column":3}}},"4":{"name":"setHeight","decl":{"start":{"line":30,"column":11},"end":{"line":30,"column":20}},"loc":{"start":{"line":30,"column":35},"end":{"line":32,"column":3}}},"5":{"name":"_sanitizeDimension","decl":{"start":{"line":34,"column":11},"end":{"line":34,"column":29}},"loc":{"start":{"line":34,"column":44},"end":{"line":40,"column":3}}}},"branchMap":{"0":{"loc":{"start":{"line":11,"column":4},"end":{"line":11,"column":36}},"type":"binary-expr","locations":[{"start":{"line":11,"column":4},"end":{"line":11,"column":36}},{"start":{"line":11,"column":40},"end":{"line":11,"column":41}}]},"1":{"loc":{"start":{"line":35,"column":4},"end":{"line":37,"column":null}},"type":"if","locations":[{"start":{"line":35,"column":4},"end":{"line":37,"column":null}},{"start":{"line":35,"column":4},"end":{"line":37,"column":null}}]}},"s":{"0":1,"1":8,"2":8,"3":8,"4":2,"5":8,"6":8,"7":2,"8":20,"9":8,"10":12,"11":8,"12":1},"f":{"0":8,"1":8,"2":2,"3":8,"4":2,"5":20},"b":{"0":[8,5],"1":[8,12]}}
}
