TN:
SF:src/lib/components/Layer.tsx
FN:3,Layer
FNF:1
FNH:1
FNDA:1,Layer
DA:1,1
DA:3,1
DA:4,1
LF:3
LH:3
BRF:0
BRH:0
end_of_record
TN:
SF:src/lib/components/LayerObject.tsx
FN:5,(anonymous_6)
FN:27,LayerObject
FNF:2
FNH:2
FNDA:1,(anonymous_6)
FNDA:1,LayerObject
DA:1,1
DA:2,1
DA:3,1
DA:5,1
DA:6,1
DA:7,1
DA:8,1
DA:9,1
DA:10,1
DA:11,1
DA:14,1
DA:27,1
DA:28,1
DA:32,1
DA:33,1
DA:35,1
LF:16
LH:16
BRDA:5,0,0,1
BRDA:5,0,1,1
BRF:2
BRH:2
end_of_record
TN:
SF:src/lib/hooks/useDimensions.ts
FN:15,useDimensions
FN:24,_getWidthRepresentation
FN:28,setWidth
FN:34,_getHeightRepresentation
FN:38,setHeight
FNF:5
FNH:5
FNDA:9,useDimensions
FNDA:9,_getWidthRepresentation
FNDA:2,setWidth
FNDA:9,_getHeightRepresentation
FNDA:2,setHeight
DA:1,2
DA:2,2
DA:15,2
DA:20,9
DA:22,9
DA:25,9
DA:29,2
DA:32,9
DA:35,9
DA:39,2
DA:42,9
LF:11
LH:11
BRDA:22,0,0,9
BRDA:22,0,1,5
BRF:2
BRH:2
end_of_record
TN:
SF:src/lib/hooks/usePositions.ts
FN:14,usePositions
FN:23,_getXRepresentation
FN:27,_getYRepresentation
FNF:3
FNH:3
FNDA:7,usePositions
FNDA:7,_getXRepresentation
FNDA:7,_getYRepresentation
DA:1,2
DA:14,2
DA:19,7
DA:20,7
DA:21,7
DA:24,7
DA:28,7
DA:31,7
LF:8
LH:8
BRDA:20,0,0,7
BRDA:20,0,1,2
BRDA:21,1,0,7
BRDA:21,1,1,2
BRF:4
BRH:4
end_of_record
TN:
SF:src/lib/utils/positiveValue.ts
FN:1,positiveValue
FNF:1
FNH:1
FNDA:29,positiveValue
DA:1,3
DA:2,29
DA:3,10
DA:6,19
LF:4
LH:4
BRDA:2,0,0,10
BRDA:2,0,1,19
BRDA:2,1,0,29
BRDA:2,1,1,28
BRF:4
BRH:4
end_of_record
