TN:
SF:src/lib/components/ShapeLayer.tsx
FN:8,ShapeLayer
FNF:1
FNH:1
FNDA:1,ShapeLayer
DA:1,1
DA:2,1
DA:8,1
DA:9,1
DA:11,1
LF:5
LH:5
BRF:0
BRH:0
end_of_record
TN:
SF:src/lib/contexts/UnitContext.ts
FN:3,(anonymous_0)
FN:11,useUnit
FNF:2
FNH:2
FNDA:2,(anonymous_0)
FNDA:2,useUnit
DA:1,2
DA:3,2
DA:4,2
DA:5,2
DA:8,2
DA:9,2
DA:11,2
DA:12,2
DA:14,2
LF:9
LH:9
BRDA:3,0,0,2
BRDA:3,0,1,2
BRF:2
BRH:2
end_of_record
TN:
SF:src/lib/hooks/useDimensions.ts
FN:16,useDimensions
FN:25,_getWidthRepresentation
FN:29,setWidth
FN:37,_getHeightRepresentation
FN:41,setHeight
FNF:5
FNH:5
FNDA:9,useDimensions
FNDA:9,_getWidthRepresentation
FNDA:2,setWidth
FNDA:9,_getHeightRepresentation
FNDA:2,setHeight
DA:1,3
DA:2,3
DA:13,3
DA:14,3
DA:16,3
DA:21,9
DA:26,9
DA:30,2
DA:33,9
DA:38,9
DA:42,2
DA:45,9
LF:12
LH:12
BRF:0
BRH:0
end_of_record
TN:
SF:src/lib/hooks/usePositions.ts
FN:15,usePositions
FN:23,_getXRepresentation
FN:27,_getYRepresentation
FNF:3
FNH:3
FNDA:6,usePositions
FNDA:6,_getXRepresentation
FNDA:6,_getYRepresentation
DA:1,3
DA:12,3
DA:13,3
DA:15,3
DA:20,6
DA:21,6
DA:24,6
DA:28,6
DA:31,6
LF:9
LH:9
BRDA:20,0,0,6
BRDA:20,0,1,3
BRDA:21,1,0,6
BRDA:21,1,1,3
BRF:4
BRH:4
end_of_record
TN:
SF:src/lib/hooks/useRotation.ts
FN:14,useRotation
FN:17,rotate
FN:19,(anonymous_2)
FN:24,setValue
FNF:4
FNH:4
FNDA:12,useRotation
FNDA:3,rotate
FNDA:3,(anonymous_2)
FNDA:3,setValue
DA:1,3
DA:2,3
DA:10,3
DA:11,3
DA:12,3
DA:14,3
DA:15,12
DA:18,3
DA:20,3
DA:25,3
DA:28,12
LF:11
LH:11
BRF:0
BRH:0
end_of_record
TN:
SF:src/lib/hooks/useShape.ts
FN:7,(anonymous_0)
FN:26,useShape
FNF:2
FNH:2
FNDA:2,(anonymous_0)
FNDA:2,useShape
DA:1,2
DA:2,2
DA:3,2
DA:4,2
DA:5,2
DA:7,2
DA:8,2
DA:9,2
DA:10,2
DA:11,2
DA:12,2
DA:13,2
DA:16,2
DA:26,2
DA:27,2
DA:29,2
DA:30,2
DA:31,2
DA:32,2
DA:34,2
LF:20
LH:20
BRDA:7,0,0,2
BRDA:7,0,1,2
BRDA:27,1,0,2
BRDA:27,1,1,2
BRF:4
BRH:4
end_of_record
TN:
SF:src/lib/utils/positiveValue.ts
FN:1,positiveValue
FNF:1
FNH:1
FNDA:43,positiveValue
DA:1,5
DA:2,43
DA:3,26
DA:6,17
LF:4
LH:4
BRDA:2,0,0,26
BRDA:2,0,1,17
BRDA:2,1,0,43
BRDA:2,1,1,41
BRDA:3,2,0,26
BRDA:3,2,1,10
BRF:6
BRH:6
end_of_record
